<?xml version="1.0" encoding="UTF-8"?>
<!-- Generated by org.testng.reporters.JUnitReportReporter -->
<testsuite hostname="SantoshKokku" failures="0" tests="2" name="suiteb.TestB" time="6.113" errors="0" timestamp="2021-02-25T09:26:06 CST" skipped="0">
  <testcase classname="suiteb.TestB" name="testB" time="3.066"/>
  <testcase classname="suiteb.TestB" name="testB" time="3.047"/>
</testsuite> <!-- suiteb.TestB -->
