<?xml version="1.0" encoding="UTF-8"?>
<!-- Generated by org.testng.reporters.JUnitReportReporter -->
<testsuite skipped="0" hostname="SantoshKokku" name="suitea.TestA" tests="2" failures="0" timestamp="2021-03-04T07:57:26 CST" time="6.820" errors="0">
  <testcase name="testA" time="3.767" classname="suitea.TestA"/>
  <testcase name="testA" time="3.053" classname="suitea.TestA"/>
</testsuite> <!-- suitea.TestA -->
