<?xml version="1.0" encoding="UTF-8"?>
<!-- Generated by org.testng.reporters.JUnitReportReporter -->
<testsuite hostname="SantoshKokku" failures="0" tests="2" name="suiteb.TestBB" time="6.095" errors="0" timestamp="2021-02-25T09:26:06 CST" skipped="0">
  <testcase classname="suiteb.TestBB" name="testBB" time="3.035"/>
  <testcase classname="suiteb.TestBB" name="testBB" time="3.060"/>
</testsuite> <!-- suiteb.TestBB -->
