<?xml version="1.0" encoding="UTF-8"?>
<!-- Generated by org.testng.reporters.JUnitReportReporter -->
<testsuite skipped="0" hostname="SantoshKokku" name="suiteb.TestB" tests="2" failures="0" timestamp="2021-03-04T07:57:26 CST" time="6.116" errors="0">
  <testcase name="testB" time="3.045" classname="suiteb.TestB"/>
  <testcase name="testB" time="3.071" classname="suiteb.TestB"/>
</testsuite> <!-- suiteb.TestB -->
