<?xml version="1.0" encoding="UTF-8"?>
<!-- Generated by org.testng.reporters.JUnitReportReporter -->
<testsuite skipped="0" hostname="SantoshKokku" name="suitea.TestA" tests="2" failures="0" timestamp="2021-03-05T11:08:52 CST" time="6.816" errors="0">
  <testcase name="testA" time="3.258" classname="suitea.TestA"/>
  <testcase name="testA" time="3.558" classname="suitea.TestA"/>
</testsuite> <!-- suitea.TestA -->
