<?xml version="1.0" encoding="UTF-8"?>
<!-- Generated by org.testng.reporters.JUnitReportReporter -->
<testsuite hostname="SantoshKokku" failures="0" tests="2" name="suiteb.TestB" time="6.224" errors="0" timestamp="2021-03-02T08:07:49 CST" skipped="0">
  <testcase classname="suiteb.TestB" name="testB" time="3.054"/>
  <testcase classname="suiteb.TestB" name="testB" time="3.170"/>
</testsuite> <!-- suiteb.TestB -->
