<?xml version="1.0" encoding="UTF-8"?>
<!-- Generated by org.testng.reporters.JUnitReportReporter -->
<testsuite hostname="SantoshKokku" failures="0" tests="2" name="suitea.TestA" time="6.796" errors="0" timestamp="2021-02-25T09:26:06 CST" skipped="0">
  <testcase classname="suitea.TestA" name="testA" time="3.264"/>
  <testcase classname="suitea.TestA" name="testA" time="3.532"/>
</testsuite> <!-- suitea.TestA -->
