<?xml version="1.0" encoding="UTF-8"?>
<!-- Generated by org.testng.reporters.JUnitReportReporter -->
<testsuite hostname="SantoshKokku" failures="0" tests="2" name="suitea.TestA" time="8.167" errors="0" timestamp="2021-03-02T08:07:49 CST" skipped="0">
  <testcase classname="suitea.TestA" name="testA" time="3.735"/>
  <testcase classname="suitea.TestA" name="testA" time="4.432"/>
</testsuite> <!-- suitea.TestA -->
