<?xml version="1.0" encoding="UTF-8"?>
<!-- Generated by org.testng.reporters.JUnitReportReporter -->
<testsuite hostname="SantoshKokku" failures="0" tests="2" name="suiteb.TestBB" time="6.176" errors="0" timestamp="2021-03-02T08:07:49 CST" skipped="0">
  <testcase classname="suiteb.TestBB" name="testBB" time="3.087"/>
  <testcase classname="suiteb.TestBB" name="testBB" time="3.089"/>
</testsuite> <!-- suiteb.TestBB -->
