<?xml version="1.0" encoding="UTF-8"?>
<!-- Generated by org.testng.reporters.JUnitReportReporter -->
<testsuite skipped="0" hostname="SantoshKokku" name="suiteb.TestBB" tests="2" failures="0" timestamp="2021-03-05T11:08:52 CST" time="6.177" errors="0">
  <testcase name="testBB" time="3.092" classname="suiteb.TestBB"/>
  <testcase name="testBB" time="3.085" classname="suiteb.TestBB"/>
</testsuite> <!-- suiteb.TestBB -->
